mobile/modules/fitlens-widgets/android/build/intermediates/manifest_merge_blame_file/release/processReleaseManifest/manifest-merger-blame-release-report.txt
1<?xml version="1.0" encoding="utf-8"?>
2<manifest xmlns:android="http://schemas.android.com/apk/res/android"
3    package="expo.modules.fitlenswidgets" >
4
5    <uses-sdk android:minSdkVersion="28" />
6
7    <application>
7-->src/main/AndroidManifest.xml:1:70-1423
8        <receiver
8-->src/main/AndroidManifest.xml:1:83-525
9            android:name="expo.modules.fitlenswidgets.TodayWidget"
9-->src/main/AndroidManifest.xml:1:93-147
10            android:exported="false"
10-->src/main/AndroidManifest.xml:1:148-172
11            android:label="FitLens Today" >
11-->src/main/AndroidManifest.xml:1:173-202
12            <intent-filter>
12-->src/main/AndroidManifest.xml:1:203-422
13                <action android:name="android.appwidget.action.APPWIDGET_UPDATE" />
13-->src/main/AndroidManifest.xml:1:218-284
13-->src/main/AndroidManifest.xml:1:226-282
14                <action android:name="android.intent.action.DATE_CHANGED" />
14-->src/main/AndroidManifest.xml:1:284-343
14-->src/main/AndroidManifest.xml:1:292-341
15                <action android:name="android.intent.action.TIMEZONE_CHANGED" />
15-->src/main/AndroidManifest.xml:1:343-406
15-->src/main/AndroidManifest.xml:1:351-404
16            </intent-filter>
17
18            <meta-data
18-->src/main/AndroidManifest.xml:1:422-514
19                android:name="android.appwidget.provider"
19-->src/main/AndroidManifest.xml:1:433-474
20                android:resource="@xml/fitlens_today" />
20-->src/main/AndroidManifest.xml:1:475-512
21        </receiver>
22        <receiver
22-->src/main/AndroidManifest.xml:1:525-967
23            android:name="expo.modules.fitlenswidgets.WaterWidget"
23-->src/main/AndroidManifest.xml:1:535-589
24            android:exported="false"
24-->src/main/AndroidManifest.xml:1:590-614
25            android:label="FitLens Water" >
25-->src/main/AndroidManifest.xml:1:615-644
26            <intent-filter>
26-->src/main/AndroidManifest.xml:1:203-422
27                <action android:name="android.appwidget.action.APPWIDGET_UPDATE" />
27-->src/main/AndroidManifest.xml:1:218-284
27-->src/main/AndroidManifest.xml:1:226-282
28                <action android:name="android.intent.action.DATE_CHANGED" />
28-->src/main/AndroidManifest.xml:1:284-343
28-->src/main/AndroidManifest.xml:1:292-341
29                <action android:name="android.intent.action.TIMEZONE_CHANGED" />
29-->src/main/AndroidManifest.xml:1:343-406
29-->src/main/AndroidManifest.xml:1:351-404
30            </intent-filter>
31
32            <meta-data
32-->src/main/AndroidManifest.xml:1:422-514
33                android:name="android.appwidget.provider"
33-->src/main/AndroidManifest.xml:1:433-474
34                android:resource="@xml/fitlens_water" />
34-->src/main/AndroidManifest.xml:1:475-512
35        </receiver>
36        <receiver
36-->src/main/AndroidManifest.xml:1:967-1409
37            android:name="expo.modules.fitlenswidgets.CoachWidget"
37-->src/main/AndroidManifest.xml:1:977-1031
38            android:exported="false"
38-->src/main/AndroidManifest.xml:1:1032-1056
39            android:label="FitLens Coach" >
39-->src/main/AndroidManifest.xml:1:1057-1086
40            <intent-filter>
40-->src/main/AndroidManifest.xml:1:203-422
41                <action android:name="android.appwidget.action.APPWIDGET_UPDATE" />
41-->src/main/AndroidManifest.xml:1:218-284
41-->src/main/AndroidManifest.xml:1:226-282
42                <action android:name="android.intent.action.DATE_CHANGED" />
42-->src/main/AndroidManifest.xml:1:284-343
42-->src/main/AndroidManifest.xml:1:292-341
43                <action android:name="android.intent.action.TIMEZONE_CHANGED" />
43-->src/main/AndroidManifest.xml:1:343-406
43-->src/main/AndroidManifest.xml:1:351-404
44            </intent-filter>
45
46            <meta-data
46-->src/main/AndroidManifest.xml:1:422-514
47                android:name="android.appwidget.provider"
47-->src/main/AndroidManifest.xml:1:433-474
48                android:resource="@xml/fitlens_coach" />
48-->src/main/AndroidManifest.xml:1:475-512
49        </receiver>
50    </application>
51
52</manifest>